<?xml version="1.0" encoding="UTF-8"?>
<testsuite name="com.sungho.book.springboot.web.PostsApiControllerTest" tests="2" skipped="0" failures="0" errors="0" timestamp="2020-07-23T00:28:18" hostname="DESKTOP-61QPBL8" time="0.181">
  <properties/>
  <testcase name="Posts_등록된다" classname="com.sungho.book.springboot.web.PostsApiControllerTest" time="0.147"/>
  <testcase name="Posts_수정된다" classname="com.sungho.book.springboot.web.PostsApiControllerTest" time="0.033"/>
  <system-out><![CDATA[2020-07-23 09:28:18.507  INFO 3284 --- [    Test worker] .b.t.c.SpringBootTestContextBootstrapper : Neither @ContextConfiguration nor @ContextHierarchy found for test class [com.sungho.book.springboot.web.PostsApiControllerTest], using SpringBootContextLoader
2020-07-23 09:28:18.507  INFO 3284 --- [    Test worker] o.s.t.c.support.AbstractContextLoader    : Could not detect default resource locations for test class [com.sungho.book.springboot.web.PostsApiControllerTest]: no resource found for suffixes {-context.xml, Context.groovy}.
2020-07-23 09:28:18.507  INFO 3284 --- [    Test worker] t.c.s.AnnotationConfigContextLoaderUtils : Could not detect default configuration classes for test class [com.sungho.book.springboot.web.PostsApiControllerTest]: PostsApiControllerTest does not declare any static, non-private, non-final, nested classes annotated with @Configuration.
2020-07-23 09:28:18.507  INFO 3284 --- [    Test worker] .b.t.c.SpringBootTestContextBootstrapper : Found @SpringBootConfiguration com.sungho.book.springboot.Application for test class com.sungho.book.springboot.web.PostsApiControllerTest
2020-07-23 09:28:18.507  INFO 3284 --- [    Test worker] .b.t.c.SpringBootTestContextBootstrapper : Loaded default TestExecutionListener class names from location [META-INF/spring.factories]: [org.springframework.security.test.context.support.WithSecurityContextTestExecutionListener, org.springframework.security.test.context.support.ReactorContextTestExecutionListener, org.springframework.boot.test.autoconfigure.restdocs.RestDocsTestExecutionListener, org.springframework.boot.test.autoconfigure.web.client.MockRestServiceServerResetTestExecutionListener, org.springframework.boot.test.autoconfigure.web.servlet.MockMvcPrintOnlyOnFailureTestExecutionListener, org.springframework.boot.test.autoconfigure.web.servlet.WebDriverTestExecutionListener, org.springframework.boot.test.mock.mockito.MockitoTestExecutionListener, org.springframework.boot.test.mock.mockito.ResetMocksTestExecutionListener, org.springframework.test.context.web.ServletTestExecutionListener, org.springframework.test.context.support.DirtiesContextBeforeModesTestExecutionListener, org.springframework.test.context.support.DependencyInjectionTestExecutionListener, org.springframework.test.context.support.DirtiesContextTestExecutionListener, org.springframework.test.context.transaction.TransactionalTestExecutionListener, org.springframework.test.context.jdbc.SqlScriptsTestExecutionListener]
2020-07-23 09:28:18.507  INFO 3284 --- [    Test worker] .b.t.c.SpringBootTestContextBootstrapper : Using TestExecutionListeners: [org.springframework.test.context.web.ServletTestExecutionListener@22720ce9, org.springframework.test.context.support.DirtiesContextBeforeModesTestExecutionListener@3a756734, org.springframework.boot.test.mock.mockito.MockitoTestExecutionListener@7dbcb604, org.springframework.boot.test.autoconfigure.SpringBootDependencyInjectionTestExecutionListener@447cc10e, org.springframework.test.context.support.DirtiesContextTestExecutionListener@76db982c, org.springframework.test.context.transaction.TransactionalTestExecutionListener@67060d04, org.springframework.test.context.jdbc.SqlScriptsTestExecutionListener@7f929b76, org.springframework.security.test.context.support.WithSecurityContextTestExecutionListener@5d44413b, org.springframework.security.test.context.support.ReactorContextTestExecutionListener@7774a847, org.springframework.boot.test.autoconfigure.restdocs.RestDocsTestExecutionListener@204de580, org.springframework.boot.test.autoconfigure.web.client.MockRestServiceServerResetTestExecutionListener@4b6f83d4, org.springframework.boot.test.autoconfigure.web.servlet.MockMvcPrintOnlyOnFailureTestExecutionListener@345d5e1b, org.springframework.boot.test.autoconfigure.web.servlet.WebDriverTestExecutionListener@66b9fe47, org.springframework.boot.test.mock.mockito.ResetMocksTestExecutionListener@299766f5]
2020-07-23 09:28:18.523  INFO 3284 --- [    Test worker] o.a.c.c.C.[Tomcat].[localhost].[/]       : Initializing Spring TestDispatcherServlet ''
2020-07-23 09:28:18.523  INFO 3284 --- [    Test worker] o.s.t.web.servlet.TestDispatcherServlet  : Initializing Servlet ''
2020-07-23 09:28:18.523  INFO 3284 --- [    Test worker] o.s.t.web.servlet.TestDispatcherServlet  : Completed initialization in 0 ms
Hibernate: insert into posts (created_date, modified_date, author, content, title) values (?, ?, ?, ?, ?)
Hibernate: select posts0_.id as id1_0_, posts0_.created_date as created_2_0_, posts0_.modified_date as modified3_0_, posts0_.author as author4_0_, posts0_.content as content5_0_, posts0_.title as title6_0_ from posts posts0_
Hibernate: select posts0_.id as id1_0_, posts0_.created_date as created_2_0_, posts0_.modified_date as modified3_0_, posts0_.author as author4_0_, posts0_.content as content5_0_, posts0_.title as title6_0_ from posts posts0_
Hibernate: delete from posts where id=?
2020-07-23 09:28:18.663  INFO 3284 --- [    Test worker] o.a.c.c.C.[Tomcat].[localhost].[/]       : Initializing Spring TestDispatcherServlet ''
2020-07-23 09:28:18.663  INFO 3284 --- [    Test worker] o.s.t.web.servlet.TestDispatcherServlet  : Initializing Servlet ''
2020-07-23 09:28:18.663  INFO 3284 --- [    Test worker] o.s.t.web.servlet.TestDispatcherServlet  : Completed initialization in 0 ms
Hibernate: insert into posts (created_date, modified_date, author, content, title) values (?, ?, ?, ?, ?)
Hibernate: select posts0_.id as id1_0_0_, posts0_.created_date as created_2_0_0_, posts0_.modified_date as modified3_0_0_, posts0_.author as author4_0_0_, posts0_.content as content5_0_0_, posts0_.title as title6_0_0_ from posts posts0_ where posts0_.id=?
Hibernate: update posts set created_date=?, modified_date=?, author=?, content=?, title=? where id=?
Hibernate: select posts0_.id as id1_0_, posts0_.created_date as created_2_0_, posts0_.modified_date as modified3_0_, posts0_.author as author4_0_, posts0_.content as content5_0_, posts0_.title as title6_0_ from posts posts0_
Hibernate: select posts0_.id as id1_0_, posts0_.created_date as created_2_0_, posts0_.modified_date as modified3_0_, posts0_.author as author4_0_, posts0_.content as content5_0_, posts0_.title as title6_0_ from posts posts0_
Hibernate: delete from posts where id=?
]]></system-out>
  <system-err><![CDATA[]]></system-err>
</testsuite>
