<?xml version="1.0" encoding="UTF-8"?>
<testsuite name="com.sungho.book.springboot.web.HelloControllerTest" tests="1" skipped="0" failures="0" errors="0" timestamp="2020-07-23T00:28:15" hostname="DESKTOP-61QPBL8" time="0.076">
  <properties/>
  <testcase name="hello가_리턴된다" classname="com.sungho.book.springboot.web.HelloControllerTest" time="0.076"/>
  <system-out><![CDATA[2020-07-23 09:28:14.947  INFO 3284 --- [    Test worker] .b.t.a.w.s.WebMvcTestContextBootstrapper : Neither @ContextConfiguration nor @ContextHierarchy found for test class [com.sungho.book.springboot.web.HelloControllerTest], using SpringBootContextLoader
2020-07-23 09:28:14.947  INFO 3284 --- [    Test worker] o.s.t.c.support.AbstractContextLoader    : Could not detect default resource locations for test class [com.sungho.book.springboot.web.HelloControllerTest]: no resource found for suffixes {-context.xml, Context.groovy}.
2020-07-23 09:28:14.947  INFO 3284 --- [    Test worker] t.c.s.AnnotationConfigContextLoaderUtils : Could not detect default configuration classes for test class [com.sungho.book.springboot.web.HelloControllerTest]: HelloControllerTest does not declare any static, non-private, non-final, nested classes annotated with @Configuration.
2020-07-23 09:28:14.962  INFO 3284 --- [    Test worker] .b.t.c.SpringBootTestContextBootstrapper : Found @SpringBootConfiguration com.sungho.book.springboot.Application for test class com.sungho.book.springboot.web.HelloControllerTest
2020-07-23 09:28:14.962  INFO 3284 --- [    Test worker] .b.t.a.w.s.WebMvcTestContextBootstrapper : Loaded default TestExecutionListener class names from location [META-INF/spring.factories]: [org.springframework.security.test.context.support.WithSecurityContextTestExecutionListener, org.springframework.security.test.context.support.ReactorContextTestExecutionListener, org.springframework.boot.test.autoconfigure.restdocs.RestDocsTestExecutionListener, org.springframework.boot.test.autoconfigure.web.client.MockRestServiceServerResetTestExecutionListener, org.springframework.boot.test.autoconfigure.web.servlet.MockMvcPrintOnlyOnFailureTestExecutionListener, org.springframework.boot.test.autoconfigure.web.servlet.WebDriverTestExecutionListener, org.springframework.boot.test.mock.mockito.MockitoTestExecutionListener, org.springframework.boot.test.mock.mockito.ResetMocksTestExecutionListener, org.springframework.test.context.web.ServletTestExecutionListener, org.springframework.test.context.support.DirtiesContextBeforeModesTestExecutionListener, org.springframework.test.context.support.DependencyInjectionTestExecutionListener, org.springframework.test.context.support.DirtiesContextTestExecutionListener, org.springframework.test.context.transaction.TransactionalTestExecutionListener, org.springframework.test.context.jdbc.SqlScriptsTestExecutionListener]
2020-07-23 09:28:14.962  INFO 3284 --- [    Test worker] .b.t.a.w.s.WebMvcTestContextBootstrapper : Using TestExecutionListeners: [org.springframework.test.context.web.ServletTestExecutionListener@43e9ca89, org.springframework.test.context.support.DirtiesContextBeforeModesTestExecutionListener@630054f6, org.springframework.boot.test.mock.mockito.MockitoTestExecutionListener@4964c46f, org.springframework.boot.test.autoconfigure.SpringBootDependencyInjectionTestExecutionListener@13824786, org.springframework.test.context.support.DirtiesContextTestExecutionListener@1e327afd, org.springframework.test.context.transaction.TransactionalTestExecutionListener@7ff43a29, org.springframework.test.context.jdbc.SqlScriptsTestExecutionListener@105cce04, org.springframework.security.test.context.support.WithSecurityContextTestExecutionListener@11e315fe, org.springframework.security.test.context.support.ReactorContextTestExecutionListener@1c8b70ad, org.springframework.boot.test.autoconfigure.restdocs.RestDocsTestExecutionListener@42702467, org.springframework.boot.test.autoconfigure.web.client.MockRestServiceServerResetTestExecutionListener@342afec3, org.springframework.boot.test.autoconfigure.web.servlet.MockMvcPrintOnlyOnFailureTestExecutionListener@3def415d, org.springframework.boot.test.autoconfigure.web.servlet.WebDriverTestExecutionListener@7aa65055, org.springframework.boot.test.mock.mockito.ResetMocksTestExecutionListener@39b6107a]

  .   ____          _            __ _ _
 /\\ / ___'_ __ _ _(_)_ __  __ _ \ \ \ \
( ( )\___ | '_ | '_| | '_ \/ _` | \ \ \ \
 \\/  ___)| |_)| | | | | || (_| |  ) ) ) )
  '  |____| .__|_| |_|_| |_\__, | / / / /
 =========|_|==============|___/=/_/_/_/
 :: Spring Boot ::        (v2.1.9.RELEASE)

2020-07-23 09:28:14.995  INFO 3284 --- [    Test worker] c.s.b.s.web.HelloControllerTest          : Starting HelloControllerTest on DESKTOP-61QPBL8 with PID 3284 (started by SHAREMIND-01 in C:\Users\SHAREMIND-01\IdeaProjects\springboot2-webservice)
2020-07-23 09:28:15.010  INFO 3284 --- [    Test worker] c.s.b.s.web.HelloControllerTest          : No active profile set, falling back to default profiles: default
2020-07-23 09:28:15.479  INFO 3284 --- [    Test worker] o.s.s.concurrent.ThreadPoolTaskExecutor  : Initializing ExecutorService 'applicationTaskExecutor'
2020-07-23 09:28:15.526  INFO 3284 --- [    Test worker] o.s.b.a.w.s.WelcomePageHandlerMapping    : Adding welcome page template: index
2020-07-23 09:28:15.713  INFO 3284 --- [    Test worker] .s.s.UserDetailsServiceAutoConfiguration : 

Using generated security password: f9349ef3-e2fe-4b97-833d-c0959d12cfee

2020-07-23 09:28:15.838  INFO 3284 --- [    Test worker] o.s.s.web.DefaultSecurityFilterChain     : Creating filter chain: any request, [org.springframework.security.web.context.request.async.WebAsyncManagerIntegrationFilter@37313edd, org.springframework.security.web.context.SecurityContextPersistenceFilter@5598030, org.springframework.security.web.header.HeaderWriterFilter@102cf936, org.springframework.security.web.csrf.CsrfFilter@6632cb49, org.springframework.security.web.authentication.logout.LogoutFilter@7fc90ced, org.springframework.security.web.authentication.UsernamePasswordAuthenticationFilter@7cf02d30, org.springframework.security.web.authentication.ui.DefaultLoginPageGeneratingFilter@5428d9a2, org.springframework.security.web.authentication.ui.DefaultLogoutPageGeneratingFilter@31df7b42, org.springframework.security.web.authentication.www.BasicAuthenticationFilter@63c9f1b5, org.springframework.security.web.savedrequest.RequestCacheAwareFilter@63c9100e, org.springframework.security.web.servletapi.SecurityContextHolderAwareRequestFilter@145ba008, org.springframework.security.web.authentication.AnonymousAuthenticationFilter@1db77095, org.springframework.security.web.session.SessionManagementFilter@603410f9, org.springframework.security.web.access.ExceptionTranslationFilter@6d816ee3, org.springframework.security.web.access.intercept.FilterSecurityInterceptor@6029338d]
2020-07-23 09:28:15.870  INFO 3284 --- [    Test worker] o.s.b.t.m.w.SpringBootMockServletContext : Initializing Spring TestDispatcherServlet ''
2020-07-23 09:28:15.870  INFO 3284 --- [    Test worker] o.s.t.web.servlet.TestDispatcherServlet  : Initializing Servlet ''
2020-07-23 09:28:15.885  INFO 3284 --- [    Test worker] o.s.t.web.servlet.TestDispatcherServlet  : Completed initialization in 15 ms
2020-07-23 09:28:15.932  INFO 3284 --- [    Test worker] c.s.b.s.web.HelloControllerTest          : Started HelloControllerTest in 0.954 seconds (JVM running for 8.074)
]]></system-out>
  <system-err><![CDATA[]]></system-err>
</testsuite>
